<?xml version="1.0" encoding="UTF-8"?>
<!-- Generated by org.testng.reporters.JUnitReportReporter -->
<testsuite hostname="DELL-PC" name="com.index.GeneralIndex" tests="1" failures="0" timestamp="16 Aug 2018 11:01:15 GMT" time="215.951" errors="0">
  <testcase name="purchaseorcheckout" time="215.951" classname="com.index.GeneralIndex"/>
</testsuite> <!-- com.index.GeneralIndex -->
